<?xml version="1.0" encoding="UTF-8"?><testsuite errors="0" failures="0" name="demoCalculator.features.search.SearchByKeywordStory" skipped="0" tests="4" time="84.21" timestamp="2020-04-21 12:12:27"><testcase classname="demoCalculator.features.search.SearchByKeywordStory" name="Try mul 23 and 16"/><testcase classname="demoCalculator.features.search.SearchByKeywordStory" name="Try add 5 and 9"/><testcase classname="demoCalculator.features.search.SearchByKeywordStory" name="Try div 74 and 8"/><testcase classname="demoCalculator.features.search.SearchByKeywordStory" name="Try mis 89 and 13"/></testsuite>